  0:00 ------------------------------------------------------------
  0:00 InitGame: \fs_game\mods/reliccknifemod\g_gametype\dm\g_hardcore\0\gamename\IW4\mapname\mp_afghan\protocol\61586\scr_game_allowkillcam\1\scr_team_fftype\0\shortversion\1.0\sv_allowAnonymous\0\sv_allowClientConsole\1\sv_floodProtect\1\sv_hostname\CoD4Host\sv_maxclients\18\sv_maxPing\0\sv_maxRate\25000\sv_minPing\0\sv_privateClients\0\sv_privateClientsForClients\0\sv_pure\0
  0:00 ShutdownGame:
  0:00 ------------------------------------------------------------
  0:00 ------------------------------------------------------------
  0:00 InitGame: \fs_game\mods/reliccknifemod\g_gametype\dm\g_hardcore\0\gamename\IW4\mapname\mp_afghan\protocol\61586\scr_game_allowkillcam\1\scr_team_fftype\0\shortversion\1.0\sv_allowAnonymous\0\sv_allowClientConsole\1\sv_floodProtect\1\sv_hostname\CoD4Host\sv_maxclients\18\sv_maxPing\0\sv_maxRate\25000\sv_minPing\0\sv_privateClients\0\sv_privateClientsForClients\0\sv_pure\0
  0:00 ShutdownGame:
  0:00 ------------------------------------------------------------
  0:00 ------------------------------------------------------------
  0:00 InitGame: \fs_game\mods/reliccknifemod\g_gametype\dm\g_hardcore\0\gamename\IW4\mapname\mp_afghan\protocol\61586\scr_game_allowkillcam\1\scr_team_fftype\0\shortversion\1.0\sv_allowAnonymous\0\sv_allowClientConsole\1\sv_floodProtect\1\sv_hostname\CoD4Host\sv_maxclients\18\sv_maxPing\0\sv_maxRate\25000\sv_minPing\0\sv_privateClients\0\sv_privateClientsForClients\0\sv_pure\0
  0:00 ShutdownGame:
  0:00 ------------------------------------------------------------
  0:00 ------------------------------------------------------------
  0:00 InitGame: \fs_game\mods/reliccknifemod\g_gametype\dm\g_hardcore\0\gamename\IW4\mapname\mp_afghan\protocol\61586\scr_game_allowkillcam\1\scr_team_fftype\0\shortversion\1.0\sv_allowAnonymous\0\sv_allowClientConsole\1\sv_floodProtect\1\sv_hostname\CoD4Host\sv_maxclients\18\sv_maxPing\0\sv_maxRate\25000\sv_minPing\0\sv_privateClients\0\sv_privateClientsForClients\0\sv_pure\0
  0:00 ShutdownGame:
  0:00 ------------------------------------------------------------
  0:00 ------------------------------------------------------------
  0:00 InitGame: \fs_game\mods/reliccknifemod\g_gametype\dm\g_hardcore\0\gamename\IW4\mapname\mp_afghan\protocol\61586\scr_game_allowkillcam\1\scr_team_fftype\0\shortversion\1.0\sv_allowAnonymous\0\sv_allowClientConsole\1\sv_floodProtect\1\sv_hostname\CoD4Host\sv_maxclients\18\sv_maxPing\0\sv_maxRate\25000\sv_minPing\0\sv_privateClients\0\sv_privateClientsForClients\0\sv_pure\0
  0:00 ShutdownGame:
  0:00 ------------------------------------------------------------
  0:00 ------------------------------------------------------------
  0:00 InitGame: \fs_game\mods/reliccknifemod\g_gametype\dm\g_hardcore\0\gamename\IW4\mapname\mp_afghan\protocol\61586\scr_game_allowkillcam\1\scr_team_fftype\0\shortversion\1.0\sv_allowAnonymous\0\sv_allowClientConsole\1\sv_floodProtect\1\sv_hostname\CoD4Host\sv_maxclients\18\sv_maxPing\0\sv_maxRate\25000\sv_minPing\0\sv_privateClients\0\sv_privateClientsForClients\0\sv_pure\0
  0:00 ShutdownGame:
  0:00 ------------------------------------------------------------
  0:00 ------------------------------------------------------------
  0:00 InitGame: \fs_game\mods/reliccknifemod\g_gametype\dm\g_hardcore\0\gamename\IW4\mapname\mp_afghan\protocol\61586\scr_game_allowkillcam\1\scr_team_fftype\0\shortversion\1.0\sv_allowAnonymous\0\sv_allowClientConsole\1\sv_floodProtect\1\sv_hostname\CoD4Host\sv_maxclients\18\sv_maxPing\0\sv_maxRate\25000\sv_minPing\0\sv_privateClients\0\sv_privateClientsForClients\0\sv_pure\0
  0:04 J;0110000100000bbf;14;Relicc
  0:16 ShutdownGame:
  0:16 ------------------------------------------------------------
  0:00 ------------------------------------------------------------
  0:00 InitGame: \fs_game\mods/reliccknifemod\g_gametype\dm\g_hardcore\0\gamename\IW4\mapname\mp_afghan\protocol\61586\scr_game_allowkillcam\1\scr_team_fftype\0\shortversion\1.0\sv_allowAnonymous\0\sv_allowClientConsole\1\sv_floodProtect\1\sv_hostname\CoD4Host\sv_maxclients\18\sv_maxPing\0\sv_maxRate\25000\sv_minPing\0\sv_privateClients\0\sv_privateClientsForClients\0\sv_pure\0
  0:00 ShutdownGame:
  0:00 ------------------------------------------------------------
  0:00 ------------------------------------------------------------
  0:00 InitGame: \fs_game\mods/reliccknifemod\g_gametype\dm\g_hardcore\0\gamename\IW4\mapname\mp_afghan\protocol\61586\scr_game_allowkillcam\1\scr_team_fftype\0\shortversion\1.0\sv_allowAnonymous\0\sv_allowClientConsole\1\sv_floodProtect\1\sv_hostname\CoD4Host\sv_maxclients\18\sv_maxPing\0\sv_maxRate\25000\sv_minPing\0\sv_privateClients\0\sv_privateClientsForClients\0\sv_pure\0
  0:00 ShutdownGame:
  0:00 ------------------------------------------------------------
  0:00 ------------------------------------------------------------
  0:00 InitGame: \fs_game\mods/reliccknifemod\g_gametype\dm\g_hardcore\0\gamename\IW4\mapname\mp_afghan\protocol\61586\scr_game_allowkillcam\1\scr_team_fftype\0\shortversion\1.0\sv_allowAnonymous\0\sv_allowClientConsole\1\sv_floodProtect\1\sv_hostname\CoD4Host\sv_maxclients\18\sv_maxPing\0\sv_maxRate\25000\sv_minPing\0\sv_privateClients\0\sv_privateClientsForClients\0\sv_pure\0
  0:04 J;0110000100000bbf;10;Relicc
  5:52 ShutdownGame:
  5:52 ------------------------------------------------------------
  5:52 ------------------------------------------------------------
  5:52 InitGame: \fs_game\mods/reliccknifemod\g_gametype\dm\g_hardcore\0\gamename\IW4\mapname\mp_afghan\protocol\61586\scr_game_allowkillcam\1\scr_team_fftype\0\shortversion\1.0\sv_allowAnonymous\0\sv_allowClientConsole\1\sv_floodProtect\1\sv_hostname\CoD4Host\sv_maxclients\18\sv_maxPing\0\sv_maxRate\25000\sv_minPing\0\sv_privateClients\0\sv_privateClientsForClients\0\sv_pure\0
  5:56 J;0110000100000bbf;10;Relicc
  6:54 ShutdownGame:
  6:54 ------------------------------------------------------------
  6:54 ------------------------------------------------------------
  6:54 InitGame: \fs_game\mods/reliccknifemod\g_gametype\dm\g_hardcore\0\gamename\IW4\mapname\mp_afghan\protocol\61586\scr_game_allowkillcam\1\scr_team_fftype\0\shortversion\1.0\sv_allowAnonymous\0\sv_allowClientConsole\1\sv_floodProtect\1\sv_hostname\CoD4Host\sv_maxclients\18\sv_maxPing\0\sv_maxRate\25000\sv_minPing\0\sv_privateClients\0\sv_privateClientsForClients\0\sv_pure\0
  6:54 ShutdownGame:
  6:54 ------------------------------------------------------------
  0:00 ------------------------------------------------------------
  0:00 InitGame: \fs_game\mods/reliccknifemod\g_gametype\dm\g_hardcore\0\gamename\IW4\mapname\mp_afghan\protocol\61586\scr_game_allowkillcam\1\scr_team_fftype\0\shortversion\1.0\sv_allowAnonymous\0\sv_allowClientConsole\1\sv_floodProtect\1\sv_hostname\CoD4Host\sv_maxclients\18\sv_maxPing\0\sv_maxRate\25000\sv_minPing\0\sv_privateClients\0\sv_privateClientsForClients\0\sv_pure\0
  0:04 J;0110000100000bbf;15;Relicc
  0:54 ShutdownGame:
  0:54 ------------------------------------------------------------
  0:54 ------------------------------------------------------------
  0:54 InitGame: \fs_game\mods/reliccknifemod\g_gametype\dm\g_hardcore\0\gamename\IW4\mapname\mp_afghan\protocol\61586\scr_game_allowkillcam\1\scr_team_fftype\0\shortversion\1.0\sv_allowAnonymous\0\sv_allowClientConsole\1\sv_floodProtect\1\sv_hostname\CoD4Host\sv_maxclients\18\sv_maxPing\0\sv_maxRate\25000\sv_minPing\0\sv_privateClients\0\sv_privateClientsForClients\0\sv_pure\0
  0:58 J;0110000100000bbf;15;Relicc
 10:42 ShutdownGame:
 10:42 ------------------------------------------------------------
  0:00 ------------------------------------------------------------
  0:00 InitGame: \fs_game\mods/reliccknifemod\g_gametype\sd\g_hardcore\0\gamename\IW4\mapname\mp_rust\protocol\61586\scr_game_allowkillcam\1\scr_team_fftype\0\shortversion\1.0\sv_allowAnonymous\0\sv_allowClientConsole\1\sv_floodProtect\1\sv_hostname\CoD4Host\sv_maxclients\18\sv_maxPing\0\sv_maxRate\25000\sv_minPing\0\sv_privateClients\0\sv_privateClientsForClients\0\sv_pure\0
  0:06 J;0110000100000bbf;9;Relicc
  1:34 ExitLevel: executed
  1:34 ShutdownGame:
  1:34 ------------------------------------------------------------
  0:00 ------------------------------------------------------------
  0:00 InitGame: \fs_game\mods/reliccknifemod\g_gametype\dm\g_hardcore\0\gamename\IW4\mapname\mp_rust\protocol\61586\scr_game_allowkillcam\1\scr_team_fftype\0\shortversion\1.0\sv_allowAnonymous\0\sv_allowClientConsole\1\sv_floodProtect\1\sv_hostname\CoD4Host\sv_maxclients\18\sv_maxPing\0\sv_maxRate\25000\sv_minPing\0\sv_privateClients\0\sv_privateClientsForClients\0\sv_pure\0
  0:05 J;0110000100000bbf;9;Relicc
  4:46 ShutdownGame:
  4:46 ------------------------------------------------------------
  4:46 ------------------------------------------------------------
  4:46 InitGame: \fs_game\mods/reliccknifemod\g_gametype\dm\g_hardcore\0\gamename\IW4\mapname\mp_rust\protocol\61586\scr_game_allowkillcam\1\scr_team_fftype\0\shortversion\1.0\sv_allowAnonymous\0\sv_allowClientConsole\1\sv_floodProtect\1\sv_hostname\CoD4Host\sv_maxclients\18\sv_maxPing\0\sv_maxRate\25000\sv_minPing\0\sv_privateClients\0\sv_privateClientsForClients\0\sv_pure\0
  0:00 ------------------------------------------------------------
  0:00 InitGame: \fs_game\mods/reliccknifemod\g_gametype\dm\g_hardcore\0\gamename\IW4\mapname\mp_afghan\protocol\61586\scr_game_allowkillcam\1\scr_team_fftype\0\shortversion\1.0\sv_allowAnonymous\0\sv_allowClientConsole\1\sv_floodProtect\1\sv_hostname\CoD4Host\sv_maxclients\18\sv_maxPing\0\sv_maxRate\25000\sv_minPing\0\sv_privateClients\0\sv_privateClientsForClients\0\sv_pure\0
  0:00 ------------------------------------------------------------
  0:00 InitGame: \fs_game\mods/reliccknifemod\g_gametype\dm\g_hardcore\0\gamename\IW4\mapname\mp_afghan\protocol\61586\scr_game_allowkillcam\1\scr_team_fftype\0\shortversion\1.0\sv_allowAnonymous\0\sv_allowClientConsole\1\sv_floodProtect\1\sv_hostname\CoD4Host\sv_maxclients\18\sv_maxPing\0\sv_maxRate\25000\sv_minPing\0\sv_privateClients\0\sv_privateClientsForClients\0\sv_pure\0
  0:04 J;0110000100000bbf;2;Relicc
  0:37 ShutdownGame:
  0:37 ------------------------------------------------------------
  0:00 ------------------------------------------------------------
  0:00 InitGame: \fs_game\mods/reliccknifemod\g_gametype\dm\g_hardcore\0\gamename\IW4\mapname\mp_checkpoint\protocol\61586\scr_game_allowkillcam\1\scr_team_fftype\0\shortversion\1.0\sv_allowAnonymous\0\sv_allowClientConsole\1\sv_floodProtect\1\sv_hostname\CoD4Host\sv_maxclients\18\sv_maxPing\0\sv_maxRate\25000\sv_minPing\0\sv_privateClients\0\sv_privateClientsForClients\0\sv_pure\0
  0:04 J;0110000100000bbf;0;Relicc
  1:44 ShutdownGame:
  1:44 ------------------------------------------------------------
  1:44 ------------------------------------------------------------
  1:44 InitGame: \fs_game\mods/reliccknifemod\g_gametype\dm\g_hardcore\0\gamename\IW4\mapname\mp_checkpoint\protocol\61586\scr_game_allowkillcam\1\scr_team_fftype\0\shortversion\1.0\sv_allowAnonymous\0\sv_allowClientConsole\1\sv_floodProtect\1\sv_hostname\CoD4Host\sv_maxclients\18\sv_maxPing\0\sv_maxRate\25000\sv_minPing\0\sv_privateClients\0\sv_privateClientsForClients\0\sv_pure\0
  1:48 J;0110000100000bbf;0;Relicc
  3:22 Weapon;0110000100000bbf;0;Relicc;throwingknife_mp
  8:12 ShutdownGame:
  8:12 ------------------------------------------------------------
  0:00 ------------------------------------------------------------
  0:00 InitGame: \fs_game\mods/reliccknifemod\g_gametype\dm\g_hardcore\0\gamename\IW4\mapname\mp_terminal\protocol\61586\scr_game_allowkillcam\1\scr_team_fftype\0\shortversion\1.0\sv_allowAnonymous\0\sv_allowClientConsole\1\sv_floodProtect\1\sv_hostname\CoD4Host\sv_maxclients\18\sv_maxPing\0\sv_maxRate\25000\sv_minPing\0\sv_privateClients\0\sv_privateClientsForClients\0\sv_pure\0
  0:04 J;0110000100000bbf;2;Relicc
  0:33 K;0110000100000bbf;2;allies;Relicc;;-1;world;;destructible_car;300;MOD_EXPLOSIVE;none
  1:42 ShutdownGame:
  1:42 ------------------------------------------------------------
  1:42 ------------------------------------------------------------
  1:42 InitGame: \fs_game\mods/reliccknifemod\g_gametype\dm\g_hardcore\0\gamename\IW4\mapname\mp_terminal\protocol\61586\scr_game_allowkillcam\1\scr_team_fftype\0\shortversion\1.0\sv_allowAnonymous\0\sv_allowClientConsole\1\sv_floodProtect\1\sv_hostname\CoD4Host\sv_maxclients\18\sv_maxPing\0\sv_maxRate\25000\sv_minPing\0\sv_privateClients\0\sv_privateClientsForClients\0\sv_pure\0
  1:46 J;0110000100000bbf;2;Relicc
 12:42 ExitLevel: executed
 12:42 ShutdownGame:
 12:42 ------------------------------------------------------------
  0:00 ------------------------------------------------------------
  0:00 InitGame: \fs_game\mods/reliccknifemod\g_gametype\dm\g_hardcore\0\gamename\IW4\mapname\mp_favela\protocol\61586\scr_game_allowkillcam\1\scr_team_fftype\0\shortversion\1.0\sv_allowAnonymous\0\sv_allowClientConsole\1\sv_floodProtect\1\sv_hostname\CoD4Host\sv_maxclients\18\sv_maxPing\0\sv_maxRate\25000\sv_minPing\0\sv_privateClients\0\sv_privateClientsForClients\0\sv_pure\0
  0:04 J;0110000100000bbf;1;Relicc
  3:41 ShutdownGame:
  3:41 ------------------------------------------------------------
  3:41 ------------------------------------------------------------
  3:41 InitGame: \fs_game\mods/reliccknifemod\g_gametype\dm\g_hardcore\0\gamename\IW4\mapname\mp_favela\protocol\61586\scr_game_allowkillcam\1\scr_team_fftype\0\shortversion\1.0\sv_allowAnonymous\0\sv_allowClientConsole\1\sv_floodProtect\1\sv_hostname\CoD4Host\sv_maxclients\18\sv_maxPing\0\sv_maxRate\25000\sv_minPing\0\sv_privateClients\0\sv_privateClientsForClients\0\sv_pure\0
  3:41 ShutdownGame:
  3:41 ------------------------------------------------------------
  0:00 ------------------------------------------------------------
  0:00 InitGame: \fs_game\mods/reliccknifemod\g_gametype\dm\g_hardcore\0\gamename\IW4\mapname\mp_favela\protocol\61586\scr_game_allowkillcam\1\scr_team_fftype\0\shortversion\1.0\sv_allowAnonymous\0\sv_allowClientConsole\1\sv_floodProtect\1\sv_hostname\CoD4Host\sv_maxclients\18\sv_maxPing\0\sv_maxRate\25000\sv_minPing\0\sv_privateClients\0\sv_privateClientsForClients\0\sv_pure\0
  0:05 J;0110000100000bbf;1;Relicc
  1:56 ShutdownGame:
  1:56 ------------------------------------------------------------
  1:56 ------------------------------------------------------------
  1:56 InitGame: \fs_game\mods/reliccknifemod\g_gametype\dm\g_hardcore\0\gamename\IW4\mapname\mp_favela\protocol\61586\scr_game_allowkillcam\1\scr_team_fftype\0\shortversion\1.0\sv_allowAnonymous\0\sv_allowClientConsole\1\sv_floodProtect\1\sv_hostname\CoD4Host\sv_maxclients\18\sv_maxPing\0\sv_maxRate\25000\sv_minPing\0\sv_privateClients\0\sv_privateClientsForClients\0\sv_pure\0
  2:00 J;0110000100000bbf;1;Relicc
  2:34 ShutdownGame:
  2:34 ------------------------------------------------------------
  2:34 ------------------------------------------------------------
  2:34 InitGame: \fs_game\mods/reliccknifemod\g_gametype\dm\g_hardcore\0\gamename\IW4\mapname\mp_favela\protocol\61586\scr_game_allowkillcam\1\scr_team_fftype\0\shortversion\1.0\sv_allowAnonymous\0\sv_allowClientConsole\1\sv_floodProtect\1\sv_hostname\CoD4Host\sv_maxclients\18\sv_maxPing\0\sv_maxRate\25000\sv_minPing\0\sv_privateClients\0\sv_privateClientsForClients\0\sv_pure\0
  2:38 J;0110000100000bbf;1;Relicc
  3:11 ShutdownGame:
  3:11 ------------------------------------------------------------
  3:11 ------------------------------------------------------------
  3:11 InitGame: \fs_game\mods/reliccknifemod\g_gametype\dm\g_hardcore\0\gamename\IW4\mapname\mp_favela\protocol\61586\scr_game_allowkillcam\1\scr_team_fftype\0\shortversion\1.0\sv_allowAnonymous\0\sv_allowClientConsole\1\sv_floodProtect\1\sv_hostname\CoD4Host\sv_maxclients\18\sv_maxPing\0\sv_maxRate\25000\sv_minPing\0\sv_privateClients\0\sv_privateClientsForClients\0\sv_pure\0
  3:15 J;0110000100000bbf;1;Relicc
  4:33 ShutdownGame:
  4:33 ------------------------------------------------------------
  4:33 ------------------------------------------------------------
  4:33 InitGame: \fs_game\mods/reliccknifemod\g_gametype\dm\g_hardcore\0\gamename\IW4\mapname\mp_favela\protocol\61586\scr_game_allowkillcam\1\scr_team_fftype\0\shortversion\1.0\sv_allowAnonymous\0\sv_allowClientConsole\1\sv_floodProtect\1\sv_hostname\CoD4Host\sv_maxclients\18\sv_maxPing\0\sv_maxRate\25000\sv_minPing\0\sv_privateClients\0\sv_privateClientsForClients\0\sv_pure\0
  4:33 ShutdownGame:
  4:33 ------------------------------------------------------------
  0:00 ------------------------------------------------------------
  0:00 InitGame: \fs_game\mods/reliccknifemod\g_gametype\dm\g_hardcore\0\gamename\IW4\mapname\mp_favela\protocol\61586\scr_game_allowkillcam\1\scr_team_fftype\0\shortversion\1.0\sv_allowAnonymous\0\sv_allowClientConsole\1\sv_floodProtect\1\sv_hostname\CoD4Host\sv_maxclients\18\sv_maxPing\0\sv_maxRate\25000\sv_minPing\0\sv_privateClients\0\sv_privateClientsForClients\0\sv_pure\0
  0:00 ShutdownGame:
  0:00 ------------------------------------------------------------
  0:00 ------------------------------------------------------------
  0:00 InitGame: \fs_game\mods/reliccknifemod\g_gametype\dm\g_hardcore\0\gamename\IW4\mapname\mp_favela\protocol\61586\scr_game_allowkillcam\1\scr_team_fftype\0\shortversion\1.0\sv_allowAnonymous\0\sv_allowClientConsole\1\sv_floodProtect\1\sv_hostname\CoD4Host\sv_maxclients\18\sv_maxPing\0\sv_maxRate\25000\sv_minPing\0\sv_privateClients\0\sv_privateClientsForClients\0\sv_pure\0
  0:04 J;0110000100000bbf;2;Relicc
  0:59 ShutdownGame:
  0:59 ------------------------------------------------------------
  0:59 ------------------------------------------------------------
  0:59 InitGame: \fs_game\mods/reliccknifemod\g_gametype\dm\g_hardcore\0\gamename\IW4\mapname\mp_favela\protocol\61586\scr_game_allowkillcam\1\scr_team_fftype\0\shortversion\1.0\sv_allowAnonymous\0\sv_allowClientConsole\1\sv_floodProtect\1\sv_hostname\CoD4Host\sv_maxclients\18\sv_maxPing\0\sv_maxRate\25000\sv_minPing\0\sv_privateClients\0\sv_privateClientsForClients\0\sv_pure\0
  1:03 J;0110000100000bbf;2;Relicc
  1:19 ShutdownGame:
  1:19 ------------------------------------------------------------
  1:19 ------------------------------------------------------------
  1:19 InitGame: \fs_game\mods/reliccknifemod\g_gametype\dm\g_hardcore\0\gamename\IW4\mapname\mp_favela\protocol\61586\scr_game_allowkillcam\1\scr_team_fftype\0\shortversion\1.0\sv_allowAnonymous\0\sv_allowClientConsole\1\sv_floodProtect\1\sv_hostname\CoD4Host\sv_maxclients\18\sv_maxPing\0\sv_maxRate\25000\sv_minPing\0\sv_privateClients\0\sv_privateClientsForClients\0\sv_pure\0
  1:23 J;0110000100000bbf;2;Relicc
  4:59 ShutdownGame:
  4:59 ------------------------------------------------------------
  4:59 ------------------------------------------------------------
  4:59 InitGame: \fs_game\mods/reliccknifemod\g_gametype\dm\g_hardcore\0\gamename\IW4\mapname\mp_favela\protocol\61586\scr_game_allowkillcam\1\scr_team_fftype\0\shortversion\1.0\sv_allowAnonymous\0\sv_allowClientConsole\1\sv_floodProtect\1\sv_hostname\CoD4Host\sv_maxclients\18\sv_maxPing\0\sv_maxRate\25000\sv_minPing\0\sv_privateClients\0\sv_privateClientsForClients\0\sv_pure\0
  4:59 ShutdownGame:
  4:59 ------------------------------------------------------------
  0:00 ------------------------------------------------------------
  0:00 InitGame: \fs_game\mods/reliccknifemod\g_gametype\dm\g_hardcore\0\gamename\IW4\mapname\mp_favela\protocol\61586\scr_game_allowkillcam\1\scr_team_fftype\0\shortversion\1.0\sv_allowAnonymous\0\sv_allowClientConsole\1\sv_floodProtect\1\sv_hostname\CoD4Host\sv_maxclients\18\sv_maxPing\0\sv_maxRate\25000\sv_minPing\0\sv_privateClients\0\sv_privateClientsForClients\0\sv_pure\0
  0:04 J;0110000100000bbf;1;Relicc
  1:27 ShutdownGame:
  1:27 ------------------------------------------------------------
  1:27 ------------------------------------------------------------
  1:27 InitGame: \fs_game\mods/reliccknifemod\g_gametype\dm\g_hardcore\0\gamename\IW4\mapname\mp_favela\protocol\61586\scr_game_allowkillcam\1\scr_team_fftype\0\shortversion\1.0\sv_allowAnonymous\0\sv_allowClientConsole\1\sv_floodProtect\1\sv_hostname\CoD4Host\sv_maxclients\18\sv_maxPing\0\sv_maxRate\25000\sv_minPing\0\sv_privateClients\0\sv_privateClientsForClients\0\sv_pure\0
  1:31 J;0110000100000bbf;1;Relicc
  2:06 ShutdownGame:
  2:06 ------------------------------------------------------------
  2:06 ------------------------------------------------------------
  2:06 InitGame: \fs_game\mods/reliccknifemod\g_gametype\dm\g_hardcore\0\gamename\IW4\mapname\mp_favela\protocol\61586\scr_game_allowkillcam\1\scr_team_fftype\0\shortversion\1.0\sv_allowAnonymous\0\sv_allowClientConsole\1\sv_floodProtect\1\sv_hostname\CoD4Host\sv_maxclients\18\sv_maxPing\0\sv_maxRate\25000\sv_minPing\0\sv_privateClients\0\sv_privateClientsForClients\0\sv_pure\0
  2:10 J;0110000100000bbf;1;Relicc
  2:39 ShutdownGame:
  2:39 ------------------------------------------------------------
  2:39 ------------------------------------------------------------
  2:39 InitGame: \fs_game\mods/reliccknifemod\g_gametype\dm\g_hardcore\0\gamename\IW4\mapname\mp_favela\protocol\61586\scr_game_allowkillcam\1\scr_team_fftype\0\shortversion\1.0\sv_allowAnonymous\0\sv_allowClientConsole\1\sv_floodProtect\1\sv_hostname\CoD4Host\sv_maxclients\18\sv_maxPing\0\sv_maxRate\25000\sv_minPing\0\sv_privateClients\0\sv_privateClientsForClients\0\sv_pure\0
  2:43 J;0110000100000bbf;1;Relicc
  3:04 ShutdownGame:
  3:04 ------------------------------------------------------------
  3:04 ------------------------------------------------------------
  3:04 InitGame: \fs_game\mods/reliccknifemod\g_gametype\dm\g_hardcore\0\gamename\IW4\mapname\mp_favela\protocol\61586\scr_game_allowkillcam\1\scr_team_fftype\0\shortversion\1.0\sv_allowAnonymous\0\sv_allowClientConsole\1\sv_floodProtect\1\sv_hostname\CoD4Host\sv_maxclients\18\sv_maxPing\0\sv_maxRate\25000\sv_minPing\0\sv_privateClients\0\sv_privateClientsForClients\0\sv_pure\0
  3:08 J;0110000100000bbf;1;Relicc
  3:20 ShutdownGame:
  3:20 ------------------------------------------------------------
  3:20 ------------------------------------------------------------
  3:20 InitGame: \fs_game\mods/reliccknifemod\g_gametype\dm\g_hardcore\0\gamename\IW4\mapname\mp_favela\protocol\61586\scr_game_allowkillcam\1\scr_team_fftype\0\shortversion\1.0\sv_allowAnonymous\0\sv_allowClientConsole\1\sv_floodProtect\1\sv_hostname\CoD4Host\sv_maxclients\18\sv_maxPing\0\sv_maxRate\25000\sv_minPing\0\sv_privateClients\0\sv_privateClientsForClients\0\sv_pure\0
  3:24 J;0110000100000bbf;1;Relicc
  6:27 ShutdownGame:
  6:27 ------------------------------------------------------------
  6:27 ------------------------------------------------------------
  6:27 InitGame: \fs_game\mods/reliccknifemod\g_gametype\dm\g_hardcore\0\gamename\IW4\mapname\mp_favela\protocol\61586\scr_game_allowkillcam\1\scr_team_fftype\0\shortversion\1.0\sv_allowAnonymous\0\sv_allowClientConsole\1\sv_floodProtect\1\sv_hostname\CoD4Host\sv_maxclients\18\sv_maxPing\0\sv_maxRate\25000\sv_minPing\0\sv_privateClients\0\sv_privateClientsForClients\0\sv_pure\0
  6:31 J;0110000100000bbf;1;Relicc
  6:45 ShutdownGame:
  6:45 ------------------------------------------------------------
  6:45 ------------------------------------------------------------
  6:45 InitGame: \fs_game\mods/reliccknifemod\g_gametype\dm\g_hardcore\0\gamename\IW4\mapname\mp_favela\protocol\61586\scr_game_allowkillcam\1\scr_team_fftype\0\shortversion\1.0\sv_allowAnonymous\0\sv_allowClientConsole\1\sv_floodProtect\1\sv_hostname\CoD4Host\sv_maxclients\18\sv_maxPing\0\sv_maxRate\25000\sv_minPing\0\sv_privateClients\0\sv_privateClientsForClients\0\sv_pure\0
  6:49 J;0110000100000bbf;1;Relicc
  8:34 ShutdownGame:
  8:34 ------------------------------------------------------------
  8:34 ------------------------------------------------------------
  8:34 InitGame: \fs_game\mods/reliccknifemod\g_gametype\dm\g_hardcore\0\gamename\IW4\mapname\mp_favela\protocol\61586\scr_game_allowkillcam\1\scr_team_fftype\0\shortversion\1.0\sv_allowAnonymous\0\sv_allowClientConsole\1\sv_floodProtect\1\sv_hostname\CoD4Host\sv_maxclients\18\sv_maxPing\0\sv_maxRate\25000\sv_minPing\0\sv_privateClients\0\sv_privateClientsForClients\0\sv_pure\0
  8:39 J;0110000100000bbf;1;Relicc
  9:38 ShutdownGame:
  9:38 ------------------------------------------------------------
  0:00 ------------------------------------------------------------
  0:00 InitGame: \fs_game\mods/reliccknifemod\g_gametype\dm\g_hardcore\0\gamename\IW4\mapname\mp_rust\protocol\61586\scr_game_allowkillcam\1\scr_team_fftype\0\shortversion\1.0\sv_allowAnonymous\0\sv_allowClientConsole\1\sv_floodProtect\1\sv_hostname\CoD4Host\sv_maxclients\18\sv_maxPing\0\sv_maxRate\25000\sv_minPing\0\sv_privateClients\0\sv_privateClientsForClients\0\sv_pure\0
  0:06 J;0110000100000bbf;4;Relicc
  0:26 ShutdownGame:
  0:26 ------------------------------------------------------------
  0:26 ------------------------------------------------------------
  0:26 InitGame: \fs_game\mods/reliccknifemod\g_gametype\dm\g_hardcore\0\gamename\IW4\mapname\mp_rust\protocol\61586\scr_game_allowkillcam\1\scr_team_fftype\0\shortversion\1.0\sv_allowAnonymous\0\sv_allowClientConsole\1\sv_floodProtect\1\sv_hostname\CoD4Host\sv_maxclients\18\sv_maxPing\0\sv_maxRate\25000\sv_minPing\0\sv_privateClients\0\sv_privateClientsForClients\0\sv_pure\0
  0:29 J;0110000100000bbf;4;Relicc
  6:43 ShutdownGame:
  6:43 ------------------------------------------------------------
  6:43 ------------------------------------------------------------
  6:43 InitGame: \fs_game\mods/reliccknifemod\g_gametype\dm\g_hardcore\0\gamename\IW4\mapname\mp_rust\protocol\61586\scr_game_allowkillcam\1\scr_team_fftype\0\shortversion\1.0\sv_allowAnonymous\0\sv_allowClientConsole\1\sv_floodProtect\1\sv_hostname\CoD4Host\sv_maxclients\18\sv_maxPing\0\sv_maxRate\25000\sv_minPing\0\sv_privateClients\0\sv_privateClientsForClients\0\sv_pure\0
  6:47 J;0110000100000bbf;4;Relicc
 11:46 ShutdownGame:
 11:46 ------------------------------------------------------------
 11:46 ------------------------------------------------------------
 11:46 InitGame: \fs_game\mods/reliccknifemod\g_gametype\dm\g_hardcore\0\gamename\IW4\mapname\mp_rust\protocol\61586\scr_game_allowkillcam\1\scr_team_fftype\0\shortversion\1.0\sv_allowAnonymous\0\sv_allowClientConsole\1\sv_floodProtect\1\sv_hostname\CoD4Host\sv_maxclients\18\sv_maxPing\0\sv_maxRate\25000\sv_minPing\0\sv_privateClients\0\sv_privateClientsForClients\0\sv_pure\0
 11:46 ShutdownGame:
 11:46 ------------------------------------------------------------
  0:00 ------------------------------------------------------------
  0:00 InitGame: \fs_game\mods/reliccknifemod\g_gametype\dm\g_hardcore\0\gamename\IW4\mapname\mp_rust\protocol\61586\scr_game_allowkillcam\1\scr_team_fftype\0\shortversion\1.0\sv_allowAnonymous\0\sv_allowClientConsole\1\sv_floodProtect\1\sv_hostname\CoD4Host\sv_maxclients\18\sv_maxPing\0\sv_maxRate\25000\sv_minPing\0\sv_privateClients\0\sv_privateClientsForClients\0\sv_pure\0
  0:00 ShutdownGame:
  0:00 ------------------------------------------------------------
  0:00 ------------------------------------------------------------
  0:00 InitGame: \fs_game\mods/reliccknifemod\g_gametype\dm\g_hardcore\0\gamename\IW4\mapname\mp_rust\protocol\61586\scr_game_allowkillcam\1\scr_team_fftype\0\shortversion\1.0\sv_allowAnonymous\0\sv_allowClientConsole\1\sv_floodProtect\1\sv_hostname\CoD4Host\sv_maxclients\18\sv_maxPing\0\sv_maxRate\25000\sv_minPing\0\sv_privateClients\0\sv_privateClientsForClients\0\sv_pure\0
  0:04 J;0110000100000bbf;13;Relicc
  0:57 ShutdownGame:
  0:57 ------------------------------------------------------------
  0:57 ------------------------------------------------------------
  0:57 InitGame: \fs_game\mods/reliccknifemod\g_gametype\dm\g_hardcore\0\gamename\IW4\mapname\mp_rust\protocol\61586\scr_game_allowkillcam\1\scr_team_fftype\0\shortversion\1.0\sv_allowAnonymous\0\sv_allowClientConsole\1\sv_floodProtect\1\sv_hostname\CoD4Host\sv_maxclients\18\sv_maxPing\0\sv_maxRate\25000\sv_minPing\0\sv_privateClients\0\sv_privateClientsForClients\0\sv_pure\0
  0:57 ShutdownGame:
  0:57 ------------------------------------------------------------
  0:00 ------------------------------------------------------------
  0:00 InitGame: \fs_game\mods/reliccknifemod\g_gametype\dm\g_hardcore\0\gamename\IW4\mapname\mp_rust\protocol\61586\scr_game_allowkillcam\1\scr_team_fftype\0\shortversion\1.0\sv_allowAnonymous\0\sv_allowClientConsole\1\sv_floodProtect\1\sv_hostname\CoD4Host\sv_maxclients\18\sv_maxPing\0\sv_maxRate\25000\sv_minPing\0\sv_privateClients\0\sv_privateClientsForClients\0\sv_pure\0
  0:05 J;0110000100000bbf;9;Relicc
  2:47 ShutdownGame:
  2:47 ------------------------------------------------------------
  2:47 ------------------------------------------------------------
  2:47 InitGame: \fs_game\mods/reliccknifemod\g_gametype\dm\g_hardcore\0\gamename\IW4\mapname\mp_rust\protocol\61586\scr_game_allowkillcam\1\scr_team_fftype\0\shortversion\1.0\sv_allowAnonymous\0\sv_allowClientConsole\1\sv_floodProtect\1\sv_hostname\CoD4Host\sv_maxclients\18\sv_maxPing\0\sv_maxRate\25000\sv_minPing\0\sv_privateClients\0\sv_privateClientsForClients\0\sv_pure\0
  0:00 ------------------------------------------------------------
  0:00 InitGame: \fs_game\mods/reliccknifemod\g_gametype\dm\g_hardcore\0\gamename\IW4\mapname\mp_afghan\protocol\61586\scr_game_allowkillcam\1\scr_team_fftype\0\shortversion\1.0\sv_allowAnonymous\0\sv_allowClientConsole\1\sv_floodProtect\1\sv_hostname\CoD4Host\sv_maxclients\18\sv_maxPing\0\sv_maxRate\25000\sv_minPing\0\sv_privateClients\0\sv_privateClientsForClients\0\sv_pure\0
  0:00 ShutdownGame:
  0:00 ------------------------------------------------------------
  0:00 ------------------------------------------------------------
  0:00 InitGame: \fs_game\mods/reliccknifemod\g_gametype\dm\g_hardcore\0\gamename\IW4\mapname\mp_afghan\protocol\61586\scr_game_allowkillcam\1\scr_team_fftype\0\shortversion\1.0\sv_allowAnonymous\0\sv_allowClientConsole\1\sv_floodProtect\1\sv_hostname\CoD4Host\sv_maxclients\18\sv_maxPing\0\sv_maxRate\25000\sv_minPing\0\sv_privateClients\0\sv_privateClientsForClients\0\sv_pure\0
  0:00 ShutdownGame:
  0:00 ------------------------------------------------------------
  0:00 ------------------------------------------------------------
  0:00 InitGame: \fs_game\mods/reliccknifemod\g_gametype\dm\g_hardcore\0\gamename\IW4\mapname\mp_afghan\protocol\61586\scr_game_allowkillcam\1\scr_team_fftype\0\shortversion\1.0\sv_allowAnonymous\0\sv_allowClientConsole\1\sv_floodProtect\1\sv_hostname\CoD4Host\sv_maxclients\18\sv_maxPing\0\sv_maxRate\25000\sv_minPing\0\sv_privateClients\0\sv_privateClientsForClients\0\sv_pure\0
  0:00 ShutdownGame:
  0:00 ------------------------------------------------------------
  0:00 ------------------------------------------------------------
  0:00 InitGame: \fs_game\mods/reliccknifemod\g_gametype\dm\g_hardcore\0\gamename\IW4\mapname\mp_afghan\protocol\61586\scr_game_allowkillcam\1\scr_team_fftype\0\shortversion\1.0\sv_allowAnonymous\0\sv_allowClientConsole\1\sv_floodProtect\1\sv_hostname\CoD4Host\sv_maxclients\18\sv_maxPing\0\sv_maxRate\25000\sv_minPing\0\sv_privateClients\0\sv_privateClientsForClients\0\sv_pure\0
  0:04 J;0110000100000bbf;15;Relicc
  0:48 ShutdownGame:
  0:48 ------------------------------------------------------------
  0:48 ------------------------------------------------------------
  0:48 InitGame: \fs_game\mods/reliccknifemod\g_gametype\dm\g_hardcore\0\gamename\IW4\mapname\mp_afghan\protocol\61586\scr_game_allowkillcam\1\scr_team_fftype\0\shortversion\1.0\sv_allowAnonymous\0\sv_allowClientConsole\1\sv_floodProtect\1\sv_hostname\CoD4Host\sv_maxclients\18\sv_maxPing\0\sv_maxRate\25000\sv_minPing\0\sv_privateClients\0\sv_privateClientsForClients\0\sv_pure\0
  0:52 J;0110000100000bbf;15;Relicc
  3:11 ShutdownGame:
  3:11 ------------------------------------------------------------
  3:11 ------------------------------------------------------------
  3:11 InitGame: \fs_game\mods/reliccknifemod\g_gametype\dm\g_hardcore\0\gamename\IW4\mapname\mp_afghan\protocol\61586\scr_game_allowkillcam\1\scr_team_fftype\0\shortversion\1.0\sv_allowAnonymous\0\sv_allowClientConsole\1\sv_floodProtect\1\sv_hostname\CoD4Host\sv_maxclients\18\sv_maxPing\0\sv_maxRate\25000\sv_minPing\0\sv_privateClients\0\sv_privateClientsForClients\0\sv_pure\0
  3:11 ShutdownGame:
  3:11 ------------------------------------------------------------
  0:00 ------------------------------------------------------------
  0:00 InitGame: \fs_game\mods/reliccknifemod\g_gametype\dm\g_hardcore\0\gamename\IW4\mapname\mp_afghan\protocol\61586\scr_game_allowkillcam\1\scr_team_fftype\0\shortversion\1.0\sv_allowAnonymous\0\sv_allowClientConsole\1\sv_floodProtect\1\sv_hostname\CoD4Host\sv_maxclients\18\sv_maxPing\0\sv_maxRate\25000\sv_minPing\0\sv_privateClients\0\sv_privateClientsForClients\0\sv_pure\0
  0:00 ------------------------------------------------------------
  0:00 InitGame: \fs_game\mods/reliccknifemod\g_gametype\war\g_hardcore\0\gamename\IW4\mapname\mp_afghan\protocol\61586\scr_game_allowkillcam\1\scr_team_fftype\0\shortversion\1.0\sv_allowAnonymous\0\sv_allowClientConsole\1\sv_floodProtect\1\sv_hostname\CoD4Host\sv_maxclients\18\sv_maxPing\0\sv_maxRate\25000\sv_minPing\0\sv_privateClients\0\sv_privateClientsForClients\0\sv_pure\0
  0:00 ShutdownGame:
  0:00 ------------------------------------------------------------
  0:00 ------------------------------------------------------------
  0:00 InitGame: \fs_game\mods/reliccknifemod\g_gametype\dm\g_hardcore\0\gamename\IW4\mapname\mp_afghan\protocol\61586\scr_game_allowkillcam\1\scr_team_fftype\0\shortversion\1.0\sv_allowAnonymous\0\sv_allowClientConsole\1\sv_floodProtect\1\sv_hostname\CoD4Host\sv_maxclients\18\sv_maxPing\0\sv_maxRate\25000\sv_minPing\0\sv_privateClients\0\sv_privateClientsForClients\0\sv_pure\0
  0:04 J;0110000100000bbf;16;Relicc
  1:38 ShutdownGame:
  1:38 ------------------------------------------------------------
  1:38 ------------------------------------------------------------
  1:38 InitGame: \fs_game\mods/reliccknifemod\g_gametype\dm\g_hardcore\0\gamename\IW4\mapname\mp_afghan\protocol\61586\scr_game_allowkillcam\1\scr_team_fftype\0\shortversion\1.0\sv_allowAnonymous\0\sv_allowClientConsole\1\sv_floodProtect\1\sv_hostname\CoD4Host\sv_maxclients\18\sv_maxPing\0\sv_maxRate\25000\sv_minPing\0\sv_privateClients\0\sv_privateClientsForClients\0\sv_pure\0
  1:42 J;0110000100000bbf;16;Relicc
  2:22 ShutdownGame:
  2:22 ------------------------------------------------------------
  2:22 ------------------------------------------------------------
  2:22 InitGame: \fs_game\mods/reliccknifemod\g_gametype\dm\g_hardcore\0\gamename\IW4\mapname\mp_afghan\protocol\61586\scr_game_allowkillcam\1\scr_team_fftype\0\shortversion\1.0\sv_allowAnonymous\0\sv_allowClientConsole\1\sv_floodProtect\1\sv_hostname\CoD4Host\sv_maxclients\18\sv_maxPing\0\sv_maxRate\25000\sv_minPing\0\sv_privateClients\0\sv_privateClientsForClients\0\sv_pure\0
  2:22 ShutdownGame:
  2:22 ------------------------------------------------------------
  0:00 ------------------------------------------------------------
  0:00 InitGame: \fs_game\mods/reliccknifemod\g_gametype\dm\g_hardcore\0\gamename\IW4\mapname\mp_afghan\protocol\61586\scr_game_allowkillcam\1\scr_team_fftype\0\shortversion\1.0\sv_allowAnonymous\0\sv_allowClientConsole\1\sv_floodProtect\1\sv_hostname\CoD4Host\sv_maxclients\18\sv_maxPing\0\sv_maxRate\25000\sv_minPing\0\sv_privateClients\0\sv_privateClientsForClients\0\sv_pure\0
  0:00 ShutdownGame:
  0:00 ------------------------------------------------------------
  0:00 ------------------------------------------------------------
  0:00 InitGame: \fs_game\mods/reliccknifemod\g_gametype\dm\g_hardcore\0\gamename\IW4\mapname\mp_afghan\protocol\61586\scr_game_allowkillcam\1\scr_team_fftype\0\shortversion\1.0\sv_allowAnonymous\0\sv_allowClientConsole\1\sv_floodProtect\1\sv_hostname\CoD4Host\sv_maxclients\18\sv_maxPing\0\sv_maxRate\25000\sv_minPing\0\sv_privateClients\0\sv_privateClientsForClients\0\sv_pure\0
  0:04 J;0110000100000bbf;15;Relicc
  0:38 ShutdownGame:
  0:38 ------------------------------------------------------------
  0:38 ------------------------------------------------------------
  0:38 InitGame: \fs_game\mods/reliccknifemod\g_gametype\dm\g_hardcore\0\gamename\IW4\mapname\mp_afghan\protocol\61586\scr_game_allowkillcam\1\scr_team_fftype\0\shortversion\1.0\sv_allowAnonymous\0\sv_allowClientConsole\1\sv_floodProtect\1\sv_hostname\CoD4Host\sv_maxclients\18\sv_maxPing\0\sv_maxRate\25000\sv_minPing\0\sv_privateClients\0\sv_privateClientsForClients\0\sv_pure\0
  0:42 J;0110000100000bbf;15;Relicc
  1:09 ShutdownGame:
  1:09 ------------------------------------------------------------
  1:09 ------------------------------------------------------------
  1:09 InitGame: \fs_game\mods/reliccknifemod\g_gametype\dm\g_hardcore\0\gamename\IW4\mapname\mp_afghan\protocol\61586\scr_game_allowkillcam\1\scr_team_fftype\0\shortversion\1.0\sv_allowAnonymous\0\sv_allowClientConsole\1\sv_floodProtect\1\sv_hostname\CoD4Host\sv_maxclients\18\sv_maxPing\0\sv_maxRate\25000\sv_minPing\0\sv_privateClients\0\sv_privateClientsForClients\0\sv_pure\0
  1:13 J;0110000100000bbf;15;Relicc
  2:57 ShutdownGame:
  2:57 ------------------------------------------------------------
  2:57 ------------------------------------------------------------
  2:57 InitGame: \fs_game\mods/reliccknifemod\g_gametype\dm\g_hardcore\0\gamename\IW4\mapname\mp_afghan\protocol\61586\scr_game_allowkillcam\1\scr_team_fftype\0\shortversion\1.0\sv_allowAnonymous\0\sv_allowClientConsole\1\sv_floodProtect\1\sv_hostname\CoD4Host\sv_maxclients\18\sv_maxPing\0\sv_maxRate\25000\sv_minPing\0\sv_privateClients\0\sv_privateClientsForClients\0\sv_pure\0
  3:01 J;0110000100000bbf;15;Relicc
  4:55 ShutdownGame:
  4:55 ------------------------------------------------------------
  4:55 ------------------------------------------------------------
  4:55 InitGame: \fs_game\mods/reliccknifemod\g_gametype\dm\g_hardcore\0\gamename\IW4\mapname\mp_afghan\protocol\61586\scr_game_allowkillcam\1\scr_team_fftype\0\shortversion\1.0\sv_allowAnonymous\0\sv_allowClientConsole\1\sv_floodProtect\1\sv_hostname\CoD4Host\sv_maxclients\18\sv_maxPing\0\sv_maxRate\25000\sv_minPing\0\sv_privateClients\0\sv_privateClientsForClients\0\sv_pure\0
  4:55 ShutdownGame:
  4:55 ------------------------------------------------------------
  0:00 ------------------------------------------------------------
  0:00 InitGame: \fs_game\mods/reliccknifemod\g_gametype\dm\g_hardcore\0\gamename\IW4\mapname\mp_afghan\protocol\61586\scr_game_allowkillcam\1\scr_team_fftype\0\shortversion\1.0\sv_allowAnonymous\0\sv_allowClientConsole\1\sv_floodProtect\1\sv_hostname\CoD4Host\sv_maxclients\18\sv_maxPing\0\sv_maxRate\25000\sv_minPing\0\sv_privateClients\0\sv_privateClientsForClients\0\sv_pure\0
  0:04 J;0110000100000bbf;0;Relicc
 10:59 ExitLevel: executed
 10:59 ShutdownGame:
 10:59 ------------------------------------------------------------
